<?xml version="1.0" encoding="UTF-8"?>
<testng-results ignored="0" total="1" passed="1" failed="0" skipped="0">
  <reporter-output>
  </reporter-output>
  <suite started-at="2021-05-25T11:14:23 GMT-04:00" name="Default suite" finished-at="2021-05-25T11:14:27 GMT-04:00" duration-ms="4041">
    <groups>
    </groups>
    <test started-at="2021-05-25T11:14:23 GMT-04:00" name="Default test" finished-at="2021-05-25T11:14:27 GMT-04:00" duration-ms="4041">
      <class name="HTTP_Post">
        <test-method signature="Post_Req()[pri:0, instance:HTTP_Post@63355449]" started-at="2021-05-25T11:14:23 GMT-04:00" name="Post_Req" finished-at="2021-05-25T11:14:27 GMT-04:00" duration-ms="3941" status="PASS">
          <reporter-output>
          </reporter-output>
        </test-method> <!-- Post_Req -->
      </class> <!-- HTTP_Post -->
    </test> <!-- Default test -->
  </suite> <!-- Default suite -->
</testng-results>
